INFO    : PreTeXt project found in `/workspaces/cn350`.
INFO    : Since no build target was supplied, the first target of the project.ptx manifest (web) will be built.

INFO    : No change in assets requiring generating detected.  To force regeneration of assets, use `-g` flag.

INFO    : Preparing to build into /workspaces/cn350/output/web.
INFO    : 
Now building HTML into /workspaces/cn350/output/web

INFO    : discovering source file's directory name: /workspaces/cn350/source
INFO    : verifying and expanding input directory: /workspaces/cn350/source/../generated-assets
INFO    : input directory expanded to absolute path: /workspaces/cn350/generated-assets
INFO    : verifying and expanding input directory: /workspaces/cn350/source/../assets
INFO    : input directory expanded to absolute path: /workspaces/cn350/assets
INFO    : Runestone Services (via PreTeXt repository): version 6.5.0
INFO    : Runestone Services (using newer, via online CDN query): version 7.1.1
INFO    : converting /workspaces/cn350/source/main.ptx to HTML in /tmp/tmpp4zbehv1
INFO    : XSL conversion of /workspaces/cn350/source/main.ptx by /home/vscode/.ptx/xsl/pretext-html.xsl
INFO    : comprehensive messages, warnings, and errors:
INFO    : successful application of /home/vscode/.ptx/xsl/pretext-html.xsl
INFO    : Removing temporary directory /tmp/tmpp4zbehv1
INFO    : 
Success! Run `pretext view web` to see the results.

